<?xml version="1.0" encoding="UTF-8"?>
<!-- Generated by org.testng.reporters.JUnitReportReporter -->
<testsuite skipped="0" hostname="Avinash-PC" name="com.testcase.SignInPageTestCase" tests="1" failures="0" timestamp="15 Feb 2019 03:52:05 GMT" time="0.839" errors="0">
  <testcase name="ValidCredentials" time="0.839" classname="com.testcase.SignInPageTestCase"/>
</testsuite> <!-- com.testcase.SignInPageTestCase -->
